<?xml version="1.0" encoding="UTF-8"?>
<!-- Generated by org.testng.reporters.JUnitReportReporter -->
<testsuite skipped="0" hostname="DESKTOP-41FRB09" name="testng.class1" tests="1" failures="0" timestamp="19 May 2017 17:46:51 GMT" time="0.030" errors="0">
  <testcase name="testtwitter" time="0.030" classname="testng.class1"/>
</testsuite> <!-- testng.class1 -->
